c:\users\gamin\documents\final year uni\comp-3000\depot delta\x64\debug\vc143.pdb
c:\users\gamin\documents\final year uni\comp-3000\depot delta\x64\debug\vc143.idb
c:\users\gamin\documents\final year uni\comp-3000\depot delta\x64\debug\newunitstate.obj
c:\users\gamin\documents\final year uni\comp-3000\depot delta\x64\debug\depotselected.obj
c:\users\gamin\documents\final year uni\comp-3000\depot delta\x64\debug\handleselected.obj
c:\users\gamin\documents\final year uni\comp-3000\depot delta\x64\debug\levelmanager.obj
c:\users\gamin\documents\final year uni\comp-3000\depot delta\x64\debug\mapsaver.obj
c:\users\gamin\documents\final year uni\comp-3000\depot delta\x64\debug\maploader.obj
c:\users\gamin\documents\final year uni\comp-3000\depot delta\x64\debug\zombieobject.obj
c:\users\gamin\documents\final year uni\comp-3000\depot delta\x64\debug\unitobject.obj
c:\users\gamin\documents\final year uni\comp-3000\depot delta\x64\debug\humanobject.obj
c:\users\gamin\documents\final year uni\comp-3000\depot delta\x64\debug\convoyobject.obj
c:\users\gamin\documents\final year uni\comp-3000\depot delta\x64\debug\building.obj
c:\users\gamin\documents\final year uni\comp-3000\depot delta\x64\debug\movementcomponent.obj
c:\users\gamin\documents\final year uni\comp-3000\depot delta\x64\debug\tinyxml2.obj
c:\users\gamin\documents\final year uni\comp-3000\depot delta\x64\debug\imgui_widgets.obj
c:\users\gamin\documents\final year uni\comp-3000\depot delta\x64\debug\imgui_tables.obj
c:\users\gamin\documents\final year uni\comp-3000\depot delta\x64\debug\imgui_draw.obj
c:\users\gamin\documents\final year uni\comp-3000\depot delta\x64\debug\imgui_demo.obj
c:\users\gamin\documents\final year uni\comp-3000\depot delta\x64\debug\imgui.obj
c:\users\gamin\documents\final year uni\comp-3000\depot delta\x64\debug\imgui_impl_sdlrenderer3.obj
c:\users\gamin\documents\final year uni\comp-3000\depot delta\x64\debug\imgui_impl_sdl3.obj
c:\users\gamin\documents\final year uni\comp-3000\depot delta\x64\debug\variables.obj
c:\users\gamin\documents\final year uni\comp-3000\depot delta\x64\debug\usefulfunctions.obj
c:\users\gamin\documents\final year uni\comp-3000\depot delta\x64\debug\unitstats.obj
c:\users\gamin\documents\final year uni\comp-3000\depot delta\x64\debug\convoystats.obj
c:\users\gamin\documents\final year uni\comp-3000\depot delta\x64\debug\uihandler.obj
c:\users\gamin\documents\final year uni\comp-3000\depot delta\x64\debug\techtree.obj
c:\users\gamin\documents\final year uni\comp-3000\depot delta\x64\debug\transferbox.obj
c:\users\gamin\documents\final year uni\comp-3000\depot delta\x64\debug\resourcebox.obj
c:\users\gamin\documents\final year uni\comp-3000\depot delta\x64\debug\levelui.obj
c:\users\gamin\documents\final year uni\comp-3000\depot delta\x64\debug\main.obj
c:\users\gamin\documents\final year uni\comp-3000\depot delta\x64\debug\unitselected.obj
c:\users\gamin\documents\final year uni\comp-3000\depot delta\x64\debug\treeselected.obj
c:\users\gamin\documents\final year uni\comp-3000\depot delta\x64\debug\transferstate.obj
c:\users\gamin\documents\final year uni\comp-3000\depot delta\x64\debug\depot delta.tlog\cl.command.1.tlog
c:\users\gamin\documents\final year uni\comp-3000\depot delta\x64\debug\depot delta.tlog\cl.read.1.tlog
c:\users\gamin\documents\final year uni\comp-3000\depot delta\x64\debug\depot delta.tlog\cl.write.1.tlog
c:\users\gamin\documents\final year uni\comp-3000\depot delta\x64\debug\depot delta.tlog\link.command.1.tlog
c:\users\gamin\documents\final year uni\comp-3000\depot delta\x64\debug\depot delta.tlog\link.read.1.tlog
c:\users\gamin\documents\final year uni\comp-3000\depot delta\x64\debug\depot delta.tlog\link.write.1.tlog
